
  .   ____          _            __ _ _
 /\\ / ___'_ __ _ _(_)_ __  __ _ \ \ \ \
( ( )\___ | '_ | '_| | '_ \/ _` | \ \ \ \
 \\/  ___)| |_)| | | | | || (_| |  ) ) ) )
  '  |____| .__|_| |_|_| |_\__, | / / / /
 =========|_|==============|___/=/_/_/_/
 :: Spring Boot ::                (v3.2.5)

2025-11-18T19:39:33.076Z  INFO 49597 --- [tba-waad-system-backend] [           main] com.waad.tba.TbaWaadApplication          : Starting TbaWaadApplication v1.0.0 using Java 21.0.8 with PID 49597 (/workspaces/tba-waad-system/backend/target/tba-backend-1.0.0.jar started by codespace in /workspaces/tba-waad-system/backend)
2025-11-18T19:39:33.083Z DEBUG 49597 --- [tba-waad-system-backend] [           main] com.waad.tba.TbaWaadApplication          : Running with Spring Boot v3.2.5, Spring v6.1.6
2025-11-18T19:39:33.089Z  INFO 49597 --- [tba-waad-system-backend] [           main] com.waad.tba.TbaWaadApplication          : No active profile set, falling back to 1 default profile: "default"
2025-11-18T19:39:38.669Z  INFO 49597 --- [tba-waad-system-backend] [           main] .s.d.r.c.RepositoryConfigurationDelegate : Bootstrapping Spring Data JPA repositories in DEFAULT mode.
2025-11-18T19:39:38.892Z  INFO 49597 --- [tba-waad-system-backend] [           main] .s.d.r.c.RepositoryConfigurationDelegate : Finished Spring Data repository scanning in 194 ms. Found 10 JPA repository interfaces.
2025-11-18T19:39:43.361Z  INFO 49597 --- [tba-waad-system-backend] [           main] o.s.b.w.embedded.tomcat.TomcatWebServer  : Tomcat initialized with port 9090 (http)
2025-11-18T19:39:43.464Z  INFO 49597 --- [tba-waad-system-backend] [           main] o.apache.catalina.core.StandardService   : Starting service [Tomcat]
2025-11-18T19:39:43.464Z  INFO 49597 --- [tba-waad-system-backend] [           main] o.apache.catalina.core.StandardEngine    : Starting Servlet engine: [Apache Tomcat/10.1.20]
2025-11-18T19:39:43.613Z  INFO 49597 --- [tba-waad-system-backend] [           main] o.a.c.c.C.[Tomcat].[localhost].[/]       : Initializing Spring embedded WebApplicationContext
2025-11-18T19:39:43.624Z  INFO 49597 --- [tba-waad-system-backend] [           main] w.s.c.ServletWebServerApplicationContext : Root WebApplicationContext: initialization completed in 10160 ms
2025-11-18T19:39:43.883Z  INFO 49597 --- [tba-waad-system-backend] [           main] com.zaxxer.hikari.HikariDataSource       : HikariPool-1 - Starting...
2025-11-18T19:39:44.773Z  INFO 49597 --- [tba-waad-system-backend] [           main] com.zaxxer.hikari.pool.HikariPool        : HikariPool-1 - Added connection conn0: url=jdbc:h2:mem:testdb user=SA
2025-11-18T19:39:44.779Z  INFO 49597 --- [tba-waad-system-backend] [           main] com.zaxxer.hikari.HikariDataSource       : HikariPool-1 - Start completed.
2025-11-18T19:39:44.836Z  INFO 49597 --- [tba-waad-system-backend] [           main] o.s.b.a.h2.H2ConsoleAutoConfiguration    : H2 console available at '/h2-console'. Database available at 'jdbc:h2:mem:testdb'
2025-11-18T19:39:45.629Z  INFO 49597 --- [tba-waad-system-backend] [           main] o.hibernate.jpa.internal.util.LogHelper  : HHH000204: Processing PersistenceUnitInfo [name: default]
2025-11-18T19:39:46.119Z  INFO 49597 --- [tba-waad-system-backend] [           main] org.hibernate.Version                    : HHH000412: Hibernate ORM core version 6.4.4.Final
2025-11-18T19:39:46.416Z  INFO 49597 --- [tba-waad-system-backend] [           main] o.h.c.internal.RegionFactoryInitiator    : HHH000026: Second-level cache disabled
2025-11-18T19:39:48.323Z  INFO 49597 --- [tba-waad-system-backend] [           main] o.s.o.j.p.SpringPersistenceUnitInfo      : No LoadTimeWeaver setup: ignoring JPA class transformer
2025-11-18T19:39:48.713Z  WARN 49597 --- [tba-waad-system-backend] [           main] org.hibernate.orm.deprecation            : HHH90000025: H2Dialect does not need to be specified explicitly using 'hibernate.dialect' (remove the property setting and it will be selected by default)
2025-11-18T19:39:56.036Z  INFO 49597 --- [tba-waad-system-backend] [           main] o.h.e.t.j.p.i.JtaPlatformInitiator       : HHH000489: No JTA platform available (set 'hibernate.transaction.jta.platform' to enable JTA platform integration)
2025-11-18T19:39:56.155Z DEBUG 49597 --- [tba-waad-system-backend] [           main] org.hibernate.SQL                        : 
    drop table if exists claims cascade 
Hibernate: 
    drop table if exists claims cascade 
2025-11-18T19:39:56.165Z DEBUG 49597 --- [tba-waad-system-backend] [           main] org.hibernate.SQL                        : 
    drop table if exists employers cascade 
Hibernate: 
    drop table if exists employers cascade 
2025-11-18T19:39:56.169Z DEBUG 49597 --- [tba-waad-system-backend] [           main] org.hibernate.SQL                        : 
    drop table if exists insurance_companies cascade 
Hibernate: 
    drop table if exists insurance_companies cascade 
2025-11-18T19:39:56.172Z DEBUG 49597 --- [tba-waad-system-backend] [           main] org.hibernate.SQL                        : 
    drop table if exists members cascade 
Hibernate: 
    drop table if exists members cascade 
2025-11-18T19:39:56.174Z DEBUG 49597 --- [tba-waad-system-backend] [           main] org.hibernate.SQL                        : 
    drop table if exists password_reset_token cascade 
Hibernate: 
    drop table if exists password_reset_token cascade 
2025-11-18T19:39:56.175Z DEBUG 49597 --- [tba-waad-system-backend] [           main] org.hibernate.SQL                        : 
    drop table if exists permissions cascade 
Hibernate: 
    drop table if exists permissions cascade 
2025-11-18T19:39:56.175Z DEBUG 49597 --- [tba-waad-system-backend] [           main] org.hibernate.SQL                        : 
    drop table if exists reviewer_companies cascade 
Hibernate: 
    drop table if exists reviewer_companies cascade 
2025-11-18T19:39:56.175Z DEBUG 49597 --- [tba-waad-system-backend] [           main] org.hibernate.SQL                        : 
    drop table if exists role_permissions cascade 
Hibernate: 
    drop table if exists role_permissions cascade 
2025-11-18T19:39:56.179Z DEBUG 49597 --- [tba-waad-system-backend] [           main] org.hibernate.SQL                        : 
    drop table if exists roles cascade 
Hibernate: 
    drop table if exists roles cascade 
2025-11-18T19:39:56.180Z DEBUG 49597 --- [tba-waad-system-backend] [           main] org.hibernate.SQL                        : 
    drop table if exists user_roles cascade 
Hibernate: 
    drop table if exists user_roles cascade 
2025-11-18T19:39:56.180Z DEBUG 49597 --- [tba-waad-system-backend] [           main] org.hibernate.SQL                        : 
    drop table if exists users cascade 
Hibernate: 
    drop table if exists users cascade 
2025-11-18T19:39:56.180Z DEBUG 49597 --- [tba-waad-system-backend] [           main] org.hibernate.SQL                        : 
    drop table if exists visits cascade 
Hibernate: 
    drop table if exists visits cascade 
2025-11-18T19:39:56.235Z DEBUG 49597 --- [tba-waad-system-backend] [           main] org.hibernate.SQL                        : 
    create table claims (
        active boolean,
        approved_amount numeric(10,2),
        claim_date date not null,
        requested_amount numeric(10,2) not null,
        created_at timestamp(6),
        id bigint generated by default as identity,
        updated_at timestamp(6),
        visit_id bigint not null,
        notes varchar(1000),
        claim_number varchar(255) not null unique,
        rejection_reason varchar(255),
        status varchar(255) check (status in ('PENDING','APPROVED','REJECTED')),
        primary key (id)
    )
Hibernate: 
    create table claims (
        active boolean,
        approved_amount numeric(10,2),
        claim_date date not null,
        requested_amount numeric(10,2) not null,
        created_at timestamp(6),
        id bigint generated by default as identity,
        updated_at timestamp(6),
        visit_id bigint not null,
        notes varchar(1000),
        claim_number varchar(255) not null unique,
        rejection_reason varchar(255),
        status varchar(255) check (status in ('PENDING','APPROVED','REJECTED')),
        primary key (id)
    )
2025-11-18T19:39:56.345Z DEBUG 49597 --- [tba-waad-system-backend] [           main] org.hibernate.SQL                        : 
    create table employers (
        active boolean,
        created_at timestamp(6),
        id bigint generated by default as identity,
        updated_at timestamp(6),
        address varchar(255),
        contact_email varchar(255),
        contact_name varchar(255),
        contact_phone varchar(255),
        name varchar(255) not null,
        primary key (id)
    )
Hibernate: 
    create table employers (
        active boolean,
        created_at timestamp(6),
        id bigint generated by default as identity,
        updated_at timestamp(6),
        address varchar(255),
        contact_email varchar(255),
        contact_name varchar(255),
        contact_phone varchar(255),
        name varchar(255) not null,
        primary key (id)
    )
2025-11-18T19:39:56.359Z DEBUG 49597 --- [tba-waad-system-backend] [           main] org.hibernate.SQL                        : 
    create table insurance_companies (
        active boolean,
        created_at timestamp(6),
        id bigint generated by default as identity,
        updated_at timestamp(6),
        address varchar(255),
        code varchar(255) not null unique,
        contact_person varchar(255),
        email varchar(255),
        name varchar(255) not null,
        phone varchar(255),
        primary key (id)
    )
Hibernate: 
    create table insurance_companies (
        active boolean,
        created_at timestamp(6),
        id bigint generated by default as identity,
        updated_at timestamp(6),
        address varchar(255),
        code varchar(255) not null unique,
        contact_person varchar(255),
        email varchar(255),
        name varchar(255) not null,
        phone varchar(255),
        primary key (id)
    )
2025-11-18T19:39:56.380Z DEBUG 49597 --- [tba-waad-system-backend] [           main] org.hibernate.SQL                        : 
    create table members (
        active boolean,
        date_of_birth date,
        created_at timestamp(6),
        employer_id bigint,
        id bigint generated by default as identity,
        insurance_company_id bigint,
        updated_at timestamp(6),
        address varchar(255),
        email varchar(255),
        first_name varchar(255) not null,
        gender varchar(255),
        last_name varchar(255) not null,
        member_number varchar(255) not null unique,
        national_id varchar(255) not null unique,
        phone varchar(255),
        status varchar(255) check (status in ('ACTIVE','INACTIVE')),
        primary key (id)
    )
Hibernate: 
    create table members (
        active boolean,
        date_of_birth date,
        created_at timestamp(6),
        employer_id bigint,
        id bigint generated by default as identity,
        insurance_company_id bigint,
        updated_at timestamp(6),
        address varchar(255),
        email varchar(255),
        first_name varchar(255) not null,
        gender varchar(255),
        last_name varchar(255) not null,
        member_number varchar(255) not null unique,
        national_id varchar(255) not null unique,
        phone varchar(255),
        status varchar(255) check (status in ('ACTIVE','INACTIVE')),
        primary key (id)
    )
2025-11-18T19:39:56.413Z DEBUG 49597 --- [tba-waad-system-backend] [           main] org.hibernate.SQL                        : 
    create table password_reset_token (
        expiry_time timestamp(6) not null,
        id bigint generated by default as identity,
        email varchar(255) not null,
        otp varchar(255) not null,
        primary key (id)
    )
Hibernate: 
    create table password_reset_token (
        expiry_time timestamp(6) not null,
        id bigint generated by default as identity,
        email varchar(255) not null,
        otp varchar(255) not null,
        primary key (id)
    )
2025-11-18T19:39:56.429Z DEBUG 49597 --- [tba-waad-system-backend] [           main] org.hibernate.SQL                        : 
    create table permissions (
        created_at timestamp(6),
        id bigint generated by default as identity,
        updated_at timestamp(6),
        description varchar(255),
        name varchar(255) not null unique,
        primary key (id)
    )
Hibernate: 
    create table permissions (
        created_at timestamp(6),
        id bigint generated by default as identity,
        updated_at timestamp(6),
        description varchar(255),
        name varchar(255) not null unique,
        primary key (id)
    )
2025-11-18T19:39:56.460Z DEBUG 49597 --- [tba-waad-system-backend] [           main] org.hibernate.SQL                        : 
    create table reviewer_companies (
        active boolean,
        created_at timestamp(6),
        id bigint generated by default as identity,
        updated_at timestamp(6),
        address varchar(255),
        email varchar(255),
        medical_director varchar(255),
        name varchar(255) not null,
        phone varchar(255),
        primary key (id)
    )
Hibernate: 
    create table reviewer_companies (
        active boolean,
        created_at timestamp(6),
        id bigint generated by default as identity,
        updated_at timestamp(6),
        address varchar(255),
        email varchar(255),
        medical_director varchar(255),
        name varchar(255) not null,
        phone varchar(255),
        primary key (id)
    )
2025-11-18T19:39:56.464Z DEBUG 49597 --- [tba-waad-system-backend] [           main] org.hibernate.SQL                        : 
    create table role_permissions (
        permission_id bigint not null,
        role_id bigint not null,
        primary key (permission_id, role_id)
    )
Hibernate: 
    create table role_permissions (
        permission_id bigint not null,
        role_id bigint not null,
        primary key (permission_id, role_id)
    )
2025-11-18T19:39:56.465Z DEBUG 49597 --- [tba-waad-system-backend] [           main] org.hibernate.SQL                        : 
    create table roles (
        created_at timestamp(6),
        id bigint generated by default as identity,
        updated_at timestamp(6),
        description varchar(255),
        name varchar(255) not null unique,
        primary key (id)
    )
Hibernate: 
    create table roles (
        created_at timestamp(6),
        id bigint generated by default as identity,
        updated_at timestamp(6),
        description varchar(255),
        name varchar(255) not null unique,
        primary key (id)
    )
2025-11-18T19:39:56.477Z DEBUG 49597 --- [tba-waad-system-backend] [           main] org.hibernate.SQL                        : 
    create table user_roles (
        role_id bigint not null,
        user_id bigint not null,
        primary key (role_id, user_id)
    )
Hibernate: 
    create table user_roles (
        role_id bigint not null,
        user_id bigint not null,
        primary key (role_id, user_id)
    )
2025-11-18T19:39:56.480Z DEBUG 49597 --- [tba-waad-system-backend] [           main] org.hibernate.SQL                        : 
    create table users (
        active boolean,
        created_at timestamp(6),
        id bigint generated by default as identity,
        updated_at timestamp(6),
        email varchar(255) not null unique,
        full_name varchar(255) not null,
        password varchar(255) not null,
        phone varchar(255),
        username varchar(255) not null unique,
        primary key (id)
    )
Hibernate: 
    create table users (
        active boolean,
        created_at timestamp(6),
        id bigint generated by default as identity,
        updated_at timestamp(6),
        email varchar(255) not null unique,
        full_name varchar(255) not null,
        password varchar(255) not null,
        phone varchar(255),
        username varchar(255) not null unique,
        primary key (id)
    )
2025-11-18T19:39:56.486Z DEBUG 49597 --- [tba-waad-system-backend] [           main] org.hibernate.SQL                        : 
    create table visits (
        active boolean,
        total_amount numeric(10,2),
        visit_date date not null,
        created_at timestamp(6),
        id bigint generated by default as identity,
        member_id bigint not null,
        updated_at timestamp(6),
        notes varchar(1000),
        diagnosis varchar(255),
        doctor_name varchar(255),
        specialty varchar(255),
        treatment varchar(255),
        primary key (id)
    )
Hibernate: 
    create table visits (
        active boolean,
        total_amount numeric(10,2),
        visit_date date not null,
        created_at timestamp(6),
        id bigint generated by default as identity,
        member_id bigint not null,
        updated_at timestamp(6),
        notes varchar(1000),
        diagnosis varchar(255),
        doctor_name varchar(255),
        specialty varchar(255),
        treatment varchar(255),
        primary key (id)
    )
2025-11-18T19:39:56.494Z DEBUG 49597 --- [tba-waad-system-backend] [           main] org.hibernate.SQL                        : 
    alter table if exists claims 
       add constraint FKqknxdyairc19e6hx50x8mh8j5 
       foreign key (visit_id) 
       references visits
Hibernate: 
    alter table if exists claims 
       add constraint FKqknxdyairc19e6hx50x8mh8j5 
       foreign key (visit_id) 
       references visits
2025-11-18T19:39:56.544Z DEBUG 49597 --- [tba-waad-system-backend] [           main] org.hibernate.SQL                        : 
    alter table if exists members 
       add constraint FKh8x2iekuj183qpkbhncxvo5or 
       foreign key (employer_id) 
       references employers
Hibernate: 
    alter table if exists members 
       add constraint FKh8x2iekuj183qpkbhncxvo5or 
       foreign key (employer_id) 
       references employers
2025-11-18T19:39:56.551Z DEBUG 49597 --- [tba-waad-system-backend] [           main] org.hibernate.SQL                        : 
    alter table if exists members 
       add constraint FKgfchndpi0f9aabx04yjw6fe67 
       foreign key (insurance_company_id) 
       references insurance_companies
Hibernate: 
    alter table if exists members 
       add constraint FKgfchndpi0f9aabx04yjw6fe67 
       foreign key (insurance_company_id) 
       references insurance_companies
2025-11-18T19:39:56.556Z DEBUG 49597 --- [tba-waad-system-backend] [           main] org.hibernate.SQL                        : 
    alter table if exists role_permissions 
       add constraint FKegdk29eiy7mdtefy5c7eirr6e 
       foreign key (permission_id) 
       references permissions
Hibernate: 
    alter table if exists role_permissions 
       add constraint FKegdk29eiy7mdtefy5c7eirr6e 
       foreign key (permission_id) 
       references permissions
2025-11-18T19:39:56.562Z DEBUG 49597 --- [tba-waad-system-backend] [           main] org.hibernate.SQL                        : 
    alter table if exists role_permissions 
       add constraint FKn5fotdgk8d1xvo8nav9uv3muc 
       foreign key (role_id) 
       references roles
Hibernate: 
    alter table if exists role_permissions 
       add constraint FKn5fotdgk8d1xvo8nav9uv3muc 
       foreign key (role_id) 
       references roles
2025-11-18T19:39:56.566Z DEBUG 49597 --- [tba-waad-system-backend] [           main] org.hibernate.SQL                        : 
    alter table if exists user_roles 
       add constraint FKh8ciramu9cc9q3qcqiv4ue8a6 
       foreign key (role_id) 
       references roles
Hibernate: 
    alter table if exists user_roles 
       add constraint FKh8ciramu9cc9q3qcqiv4ue8a6 
       foreign key (role_id) 
       references roles
2025-11-18T19:39:56.569Z DEBUG 49597 --- [tba-waad-system-backend] [           main] org.hibernate.SQL                        : 
    alter table if exists user_roles 
       add constraint FKhfh9dx7w3ubf1co1vdev94g3f 
       foreign key (user_id) 
       references users
Hibernate: 
    alter table if exists user_roles 
       add constraint FKhfh9dx7w3ubf1co1vdev94g3f 
       foreign key (user_id) 
       references users
2025-11-18T19:39:56.574Z DEBUG 49597 --- [tba-waad-system-backend] [           main] org.hibernate.SQL                        : 
    alter table if exists visits 
       add constraint FKccmjnq4me8y22g4bsnjfuxtob 
       foreign key (member_id) 
       references members
Hibernate: 
    alter table if exists visits 
       add constraint FKccmjnq4me8y22g4bsnjfuxtob 
       foreign key (member_id) 
       references members
2025-11-18T19:39:56.600Z  INFO 49597 --- [tba-waad-system-backend] [           main] j.LocalContainerEntityManagerFactoryBean : Initialized JPA EntityManagerFactory for persistence unit 'default'
2025-11-18T19:39:58.162Z  INFO 49597 --- [tba-waad-system-backend] [           main] o.s.d.j.r.query.QueryEnhancerFactory     : Hibernate is in classpath; If applicable, HQL parser will be used.
2025-11-18T19:40:03.167Z DEBUG 49597 --- [tba-waad-system-backend] [           main] c.w.t.security.JwtAuthenticationFilter   : Filter 'jwtAuthenticationFilter' configured for use
2025-11-18T19:40:04.387Z DEBUG 49597 --- [tba-waad-system-backend] [           main] org.hibernate.SQL                        : 
    select
        count(*) 
    from
        permissions p1_0
Hibernate: 
    select
        count(*) 
    from
        permissions p1_0
2025-11-18T19:40:04.608Z  INFO 49597 --- [tba-waad-system-backend] [           main] c.w.tba.common.config.DataInitializer    : Initializing seed data...
2025-11-18T19:40:04.826Z DEBUG 49597 --- [tba-waad-system-backend] [           main] org.hibernate.SQL                        : 
    insert 
    into
        permissions
        (created_at, description, name, updated_at, id) 
    values
        (?, ?, ?, ?, default)
Hibernate: 
    insert 
    into
        permissions
        (created_at, description, name, updated_at, id) 
    values
        (?, ?, ?, ?, default)
2025-11-18T19:40:04.913Z DEBUG 49597 --- [tba-waad-system-backend] [           main] org.hibernate.SQL                        : 
    insert 
    into
        permissions
        (created_at, description, name, updated_at, id) 
    values
        (?, ?, ?, ?, default)
Hibernate: 
    insert 
    into
        permissions
        (created_at, description, name, updated_at, id) 
    values
        (?, ?, ?, ?, default)
2025-11-18T19:40:04.918Z DEBUG 49597 --- [tba-waad-system-backend] [           main] org.hibernate.SQL                        : 
    insert 
    into
        permissions
        (created_at, description, name, updated_at, id) 
    values
        (?, ?, ?, ?, default)
Hibernate: 
    insert 
    into
        permissions
        (created_at, description, name, updated_at, id) 
    values
        (?, ?, ?, ?, default)
2025-11-18T19:40:04.928Z DEBUG 49597 --- [tba-waad-system-backend] [           main] org.hibernate.SQL                        : 
    insert 
    into
        permissions
        (created_at, description, name, updated_at, id) 
    values
        (?, ?, ?, ?, default)
Hibernate: 
    insert 
    into
        permissions
        (created_at, description, name, updated_at, id) 
    values
        (?, ?, ?, ?, default)
2025-11-18T19:40:04.932Z DEBUG 49597 --- [tba-waad-system-backend] [           main] org.hibernate.SQL                        : 
    insert 
    into
        permissions
        (created_at, description, name, updated_at, id) 
    values
        (?, ?, ?, ?, default)
Hibernate: 
    insert 
    into
        permissions
        (created_at, description, name, updated_at, id) 
    values
        (?, ?, ?, ?, default)
2025-11-18T19:40:04.933Z DEBUG 49597 --- [tba-waad-system-backend] [           main] org.hibernate.SQL                        : 
    insert 
    into
        permissions
        (created_at, description, name, updated_at, id) 
    values
        (?, ?, ?, ?, default)
Hibernate: 
    insert 
    into
        permissions
        (created_at, description, name, updated_at, id) 
    values
        (?, ?, ?, ?, default)
2025-11-18T19:40:04.940Z DEBUG 49597 --- [tba-waad-system-backend] [           main] org.hibernate.SQL                        : 
    insert 
    into
        permissions
        (created_at, description, name, updated_at, id) 
    values
        (?, ?, ?, ?, default)
Hibernate: 
    insert 
    into
        permissions
        (created_at, description, name, updated_at, id) 
    values
        (?, ?, ?, ?, default)
2025-11-18T19:40:04.946Z DEBUG 49597 --- [tba-waad-system-backend] [           main] org.hibernate.SQL                        : 
    insert 
    into
        permissions
        (created_at, description, name, updated_at, id) 
    values
        (?, ?, ?, ?, default)
Hibernate: 
    insert 
    into
        permissions
        (created_at, description, name, updated_at, id) 
    values
        (?, ?, ?, ?, default)
2025-11-18T19:40:04.947Z DEBUG 49597 --- [tba-waad-system-backend] [           main] org.hibernate.SQL                        : 
    insert 
    into
        permissions
        (created_at, description, name, updated_at, id) 
    values
        (?, ?, ?, ?, default)
Hibernate: 
    insert 
    into
        permissions
        (created_at, description, name, updated_at, id) 
    values
        (?, ?, ?, ?, default)
2025-11-18T19:40:04.950Z DEBUG 49597 --- [tba-waad-system-backend] [           main] org.hibernate.SQL                        : 
    insert 
    into
        permissions
        (created_at, description, name, updated_at, id) 
    values
        (?, ?, ?, ?, default)
Hibernate: 
    insert 
    into
        permissions
        (created_at, description, name, updated_at, id) 
    values
        (?, ?, ?, ?, default)
2025-11-18T19:40:04.953Z DEBUG 49597 --- [tba-waad-system-backend] [           main] org.hibernate.SQL                        : 
    insert 
    into
        permissions
        (created_at, description, name, updated_at, id) 
    values
        (?, ?, ?, ?, default)
Hibernate: 
    insert 
    into
        permissions
        (created_at, description, name, updated_at, id) 
    values
        (?, ?, ?, ?, default)
2025-11-18T19:40:04.954Z DEBUG 49597 --- [tba-waad-system-backend] [           main] org.hibernate.SQL                        : 
    insert 
    into
        permissions
        (created_at, description, name, updated_at, id) 
    values
        (?, ?, ?, ?, default)
Hibernate: 
    insert 
    into
        permissions
        (created_at, description, name, updated_at, id) 
    values
        (?, ?, ?, ?, default)
2025-11-18T19:40:04.954Z DEBUG 49597 --- [tba-waad-system-backend] [           main] org.hibernate.SQL                        : 
    insert 
    into
        permissions
        (created_at, description, name, updated_at, id) 
    values
        (?, ?, ?, ?, default)
Hibernate: 
    insert 
    into
        permissions
        (created_at, description, name, updated_at, id) 
    values
        (?, ?, ?, ?, default)
2025-11-18T19:40:04.955Z DEBUG 49597 --- [tba-waad-system-backend] [           main] org.hibernate.SQL                        : 
    insert 
    into
        permissions
        (created_at, description, name, updated_at, id) 
    values
        (?, ?, ?, ?, default)
Hibernate: 
    insert 
    into
        permissions
        (created_at, description, name, updated_at, id) 
    values
        (?, ?, ?, ?, default)
2025-11-18T19:40:04.961Z DEBUG 49597 --- [tba-waad-system-backend] [           main] org.hibernate.SQL                        : 
    insert 
    into
        permissions
        (created_at, description, name, updated_at, id) 
    values
        (?, ?, ?, ?, default)
Hibernate: 
    insert 
    into
        permissions
        (created_at, description, name, updated_at, id) 
    values
        (?, ?, ?, ?, default)
2025-11-18T19:40:04.963Z DEBUG 49597 --- [tba-waad-system-backend] [           main] org.hibernate.SQL                        : 
    insert 
    into
        permissions
        (created_at, description, name, updated_at, id) 
    values
        (?, ?, ?, ?, default)
Hibernate: 
    insert 
    into
        permissions
        (created_at, description, name, updated_at, id) 
    values
        (?, ?, ?, ?, default)
2025-11-18T19:40:04.970Z DEBUG 49597 --- [tba-waad-system-backend] [           main] org.hibernate.SQL                        : 
    insert 
    into
        permissions
        (created_at, description, name, updated_at, id) 
    values
        (?, ?, ?, ?, default)
Hibernate: 
    insert 
    into
        permissions
        (created_at, description, name, updated_at, id) 
    values
        (?, ?, ?, ?, default)
2025-11-18T19:40:04.972Z DEBUG 49597 --- [tba-waad-system-backend] [           main] org.hibernate.SQL                        : 
    insert 
    into
        permissions
        (created_at, description, name, updated_at, id) 
    values
        (?, ?, ?, ?, default)
Hibernate: 
    insert 
    into
        permissions
        (created_at, description, name, updated_at, id) 
    values
        (?, ?, ?, ?, default)
2025-11-18T19:40:04.977Z DEBUG 49597 --- [tba-waad-system-backend] [           main] org.hibernate.SQL                        : 
    insert 
    into
        permissions
        (created_at, description, name, updated_at, id) 
    values
        (?, ?, ?, ?, default)
Hibernate: 
    insert 
    into
        permissions
        (created_at, description, name, updated_at, id) 
    values
        (?, ?, ?, ?, default)
2025-11-18T19:40:04.980Z DEBUG 49597 --- [tba-waad-system-backend] [           main] org.hibernate.SQL                        : 
    insert 
    into
        permissions
        (created_at, description, name, updated_at, id) 
    values
        (?, ?, ?, ?, default)
Hibernate: 
    insert 
    into
        permissions
        (created_at, description, name, updated_at, id) 
    values
        (?, ?, ?, ?, default)
2025-11-18T19:40:04.981Z DEBUG 49597 --- [tba-waad-system-backend] [           main] org.hibernate.SQL                        : 
    insert 
    into
        permissions
        (created_at, description, name, updated_at, id) 
    values
        (?, ?, ?, ?, default)
Hibernate: 
    insert 
    into
        permissions
        (created_at, description, name, updated_at, id) 
    values
        (?, ?, ?, ?, default)
2025-11-18T19:40:04.985Z DEBUG 49597 --- [tba-waad-system-backend] [           main] org.hibernate.SQL                        : 
    insert 
    into
        permissions
        (created_at, description, name, updated_at, id) 
    values
        (?, ?, ?, ?, default)
Hibernate: 
    insert 
    into
        permissions
        (created_at, description, name, updated_at, id) 
    values
        (?, ?, ?, ?, default)
2025-11-18T19:40:04.986Z DEBUG 49597 --- [tba-waad-system-backend] [           main] org.hibernate.SQL                        : 
    insert 
    into
        permissions
        (created_at, description, name, updated_at, id) 
    values
        (?, ?, ?, ?, default)
Hibernate: 
    insert 
    into
        permissions
        (created_at, description, name, updated_at, id) 
    values
        (?, ?, ?, ?, default)
2025-11-18T19:40:05.090Z DEBUG 49597 --- [tba-waad-system-backend] [           main] org.hibernate.SQL                        : 
    insert 
    into
        roles
        (created_at, description, name, updated_at, id) 
    values
        (?, ?, ?, ?, default)
Hibernate: 
    insert 
    into
        roles
        (created_at, description, name, updated_at, id) 
    values
        (?, ?, ?, ?, default)
2025-11-18T19:40:05.110Z DEBUG 49597 --- [tba-waad-system-backend] [           main] org.hibernate.SQL                        : 
    insert 
    into
        role_permissions
        (role_id, permission_id) 
    values
        (?, ?)
Hibernate: 
    insert 
    into
        role_permissions
        (role_id, permission_id) 
    values
        (?, ?)
2025-11-18T19:40:05.113Z DEBUG 49597 --- [tba-waad-system-backend] [           main] org.hibernate.SQL                        : 
    insert 
    into
        role_permissions
        (role_id, permission_id) 
    values
        (?, ?)
Hibernate: 
    insert 
    into
        role_permissions
        (role_id, permission_id) 
    values
        (?, ?)
2025-11-18T19:40:05.114Z DEBUG 49597 --- [tba-waad-system-backend] [           main] org.hibernate.SQL                        : 
    insert 
    into
        role_permissions
        (role_id, permission_id) 
    values
        (?, ?)
Hibernate: 
    insert 
    into
        role_permissions
        (role_id, permission_id) 
    values
        (?, ?)
2025-11-18T19:40:05.118Z DEBUG 49597 --- [tba-waad-system-backend] [           main] org.hibernate.SQL                        : 
    insert 
    into
        role_permissions
        (role_id, permission_id) 
    values
        (?, ?)
Hibernate: 
    insert 
    into
        role_permissions
        (role_id, permission_id) 
    values
        (?, ?)
2025-11-18T19:40:05.118Z DEBUG 49597 --- [tba-waad-system-backend] [           main] org.hibernate.SQL                        : 
    insert 
    into
        role_permissions
        (role_id, permission_id) 
    values
        (?, ?)
Hibernate: 
    insert 
    into
        role_permissions
        (role_id, permission_id) 
    values
        (?, ?)
2025-11-18T19:40:05.119Z DEBUG 49597 --- [tba-waad-system-backend] [           main] org.hibernate.SQL                        : 
    insert 
    into
        role_permissions
        (role_id, permission_id) 
    values
        (?, ?)
Hibernate: 
    insert 
    into
        role_permissions
        (role_id, permission_id) 
    values
        (?, ?)
2025-11-18T19:40:05.119Z DEBUG 49597 --- [tba-waad-system-backend] [           main] org.hibernate.SQL                        : 
    insert 
    into
        role_permissions
        (role_id, permission_id) 
    values
        (?, ?)
Hibernate: 
    insert 
    into
        role_permissions
        (role_id, permission_id) 
    values
        (?, ?)
2025-11-18T19:40:05.131Z DEBUG 49597 --- [tba-waad-system-backend] [           main] org.hibernate.SQL                        : 
    insert 
    into
        role_permissions
        (role_id, permission_id) 
    values
        (?, ?)
Hibernate: 
    insert 
    into
        role_permissions
        (role_id, permission_id) 
    values
        (?, ?)
2025-11-18T19:40:05.131Z DEBUG 49597 --- [tba-waad-system-backend] [           main] org.hibernate.SQL                        : 
    insert 
    into
        role_permissions
        (role_id, permission_id) 
    values
        (?, ?)
Hibernate: 
    insert 
    into
        role_permissions
        (role_id, permission_id) 
    values
        (?, ?)
2025-11-18T19:40:05.142Z DEBUG 49597 --- [tba-waad-system-backend] [           main] org.hibernate.SQL                        : 
    insert 
    into
        role_permissions
        (role_id, permission_id) 
    values
        (?, ?)
Hibernate: 
    insert 
    into
        role_permissions
        (role_id, permission_id) 
    values
        (?, ?)
2025-11-18T19:40:05.142Z DEBUG 49597 --- [tba-waad-system-backend] [           main] org.hibernate.SQL                        : 
    insert 
    into
        role_permissions
        (role_id, permission_id) 
    values
        (?, ?)
Hibernate: 
    insert 
    into
        role_permissions
        (role_id, permission_id) 
    values
        (?, ?)
2025-11-18T19:40:05.142Z DEBUG 49597 --- [tba-waad-system-backend] [           main] org.hibernate.SQL                        : 
    insert 
    into
        role_permissions
        (role_id, permission_id) 
    values
        (?, ?)
Hibernate: 
    insert 
    into
        role_permissions
        (role_id, permission_id) 
    values
        (?, ?)
2025-11-18T19:40:05.143Z DEBUG 49597 --- [tba-waad-system-backend] [           main] org.hibernate.SQL                        : 
    insert 
    into
        role_permissions
        (role_id, permission_id) 
    values
        (?, ?)
Hibernate: 
    insert 
    into
        role_permissions
        (role_id, permission_id) 
    values
        (?, ?)
2025-11-18T19:40:05.147Z DEBUG 49597 --- [tba-waad-system-backend] [           main] org.hibernate.SQL                        : 
    insert 
    into
        role_permissions
        (role_id, permission_id) 
    values
        (?, ?)
Hibernate: 
    insert 
    into
        role_permissions
        (role_id, permission_id) 
    values
        (?, ?)
2025-11-18T19:40:05.147Z DEBUG 49597 --- [tba-waad-system-backend] [           main] org.hibernate.SQL                        : 
    insert 
    into
        role_permissions
        (role_id, permission_id) 
    values
        (?, ?)
Hibernate: 
    insert 
    into
        role_permissions
        (role_id, permission_id) 
    values
        (?, ?)
2025-11-18T19:40:05.149Z DEBUG 49597 --- [tba-waad-system-backend] [           main] org.hibernate.SQL                        : 
    insert 
    into
        role_permissions
        (role_id, permission_id) 
    values
        (?, ?)
Hibernate: 
    insert 
    into
        role_permissions
        (role_id, permission_id) 
    values
        (?, ?)
2025-11-18T19:40:05.151Z DEBUG 49597 --- [tba-waad-system-backend] [           main] org.hibernate.SQL                        : 
    insert 
    into
        role_permissions
        (role_id, permission_id) 
    values
        (?, ?)
Hibernate: 
    insert 
    into
        role_permissions
        (role_id, permission_id) 
    values
        (?, ?)
2025-11-18T19:40:05.152Z DEBUG 49597 --- [tba-waad-system-backend] [           main] org.hibernate.SQL                        : 
    insert 
    into
        role_permissions
        (role_id, permission_id) 
    values
        (?, ?)
Hibernate: 
    insert 
    into
        role_permissions
        (role_id, permission_id) 
    values
        (?, ?)
2025-11-18T19:40:05.152Z DEBUG 49597 --- [tba-waad-system-backend] [           main] org.hibernate.SQL                        : 
    insert 
    into
        role_permissions
        (role_id, permission_id) 
    values
        (?, ?)
Hibernate: 
    insert 
    into
        role_permissions
        (role_id, permission_id) 
    values
        (?, ?)
2025-11-18T19:40:05.152Z DEBUG 49597 --- [tba-waad-system-backend] [           main] org.hibernate.SQL                        : 
    insert 
    into
        role_permissions
        (role_id, permission_id) 
    values
        (?, ?)
Hibernate: 
    insert 
    into
        role_permissions
        (role_id, permission_id) 
    values
        (?, ?)
2025-11-18T19:40:05.153Z DEBUG 49597 --- [tba-waad-system-backend] [           main] org.hibernate.SQL                        : 
    insert 
    into
        role_permissions
        (role_id, permission_id) 
    values
        (?, ?)
Hibernate: 
    insert 
    into
        role_permissions
        (role_id, permission_id) 
    values
        (?, ?)
2025-11-18T19:40:05.155Z DEBUG 49597 --- [tba-waad-system-backend] [           main] org.hibernate.SQL                        : 
    insert 
    into
        role_permissions
        (role_id, permission_id) 
    values
        (?, ?)
Hibernate: 
    insert 
    into
        role_permissions
        (role_id, permission_id) 
    values
        (?, ?)
2025-11-18T19:40:05.159Z DEBUG 49597 --- [tba-waad-system-backend] [           main] org.hibernate.SQL                        : 
    insert 
    into
        role_permissions
        (role_id, permission_id) 
    values
        (?, ?)
Hibernate: 
    insert 
    into
        role_permissions
        (role_id, permission_id) 
    values
        (?, ?)
2025-11-18T19:40:05.168Z DEBUG 49597 --- [tba-waad-system-backend] [           main] org.hibernate.SQL                        : 
    insert 
    into
        roles
        (created_at, description, name, updated_at, id) 
    values
        (?, ?, ?, ?, default)
Hibernate: 
    insert 
    into
        roles
        (created_at, description, name, updated_at, id) 
    values
        (?, ?, ?, ?, default)
2025-11-18T19:40:05.172Z DEBUG 49597 --- [tba-waad-system-backend] [           main] org.hibernate.SQL                        : 
    insert 
    into
        role_permissions
        (role_id, permission_id) 
    values
        (?, ?)
Hibernate: 
    insert 
    into
        role_permissions
        (role_id, permission_id) 
    values
        (?, ?)
2025-11-18T19:40:05.173Z DEBUG 49597 --- [tba-waad-system-backend] [           main] org.hibernate.SQL                        : 
    insert 
    into
        role_permissions
        (role_id, permission_id) 
    values
        (?, ?)
Hibernate: 
    insert 
    into
        role_permissions
        (role_id, permission_id) 
    values
        (?, ?)
2025-11-18T19:40:05.175Z DEBUG 49597 --- [tba-waad-system-backend] [           main] org.hibernate.SQL                        : 
    insert 
    into
        role_permissions
        (role_id, permission_id) 
    values
        (?, ?)
Hibernate: 
    insert 
    into
        role_permissions
        (role_id, permission_id) 
    values
        (?, ?)
2025-11-18T19:40:05.176Z DEBUG 49597 --- [tba-waad-system-backend] [           main] org.hibernate.SQL                        : 
    insert 
    into
        role_permissions
        (role_id, permission_id) 
    values
        (?, ?)
Hibernate: 
    insert 
    into
        role_permissions
        (role_id, permission_id) 
    values
        (?, ?)
2025-11-18T19:40:05.176Z DEBUG 49597 --- [tba-waad-system-backend] [           main] org.hibernate.SQL                        : 
    insert 
    into
        role_permissions
        (role_id, permission_id) 
    values
        (?, ?)
Hibernate: 
    insert 
    into
        role_permissions
        (role_id, permission_id) 
    values
        (?, ?)
2025-11-18T19:40:05.177Z DEBUG 49597 --- [tba-waad-system-backend] [           main] org.hibernate.SQL                        : 
    insert 
    into
        role_permissions
        (role_id, permission_id) 
    values
        (?, ?)
Hibernate: 
    insert 
    into
        role_permissions
        (role_id, permission_id) 
    values
        (?, ?)
2025-11-18T19:40:05.177Z DEBUG 49597 --- [tba-waad-system-backend] [           main] org.hibernate.SQL                        : 
    insert 
    into
        role_permissions
        (role_id, permission_id) 
    values
        (?, ?)
Hibernate: 
    insert 
    into
        role_permissions
        (role_id, permission_id) 
    values
        (?, ?)
2025-11-18T19:40:05.185Z DEBUG 49597 --- [tba-waad-system-backend] [           main] org.hibernate.SQL                        : 
    insert 
    into
        role_permissions
        (role_id, permission_id) 
    values
        (?, ?)
Hibernate: 
    insert 
    into
        role_permissions
        (role_id, permission_id) 
    values
        (?, ?)
2025-11-18T19:40:05.187Z DEBUG 49597 --- [tba-waad-system-backend] [           main] org.hibernate.SQL                        : 
    insert 
    into
        role_permissions
        (role_id, permission_id) 
    values
        (?, ?)
Hibernate: 
    insert 
    into
        role_permissions
        (role_id, permission_id) 
    values
        (?, ?)
2025-11-18T19:40:05.190Z DEBUG 49597 --- [tba-waad-system-backend] [           main] org.hibernate.SQL                        : 
    insert 
    into
        role_permissions
        (role_id, permission_id) 
    values
        (?, ?)
Hibernate: 
    insert 
    into
        role_permissions
        (role_id, permission_id) 
    values
        (?, ?)
2025-11-18T19:40:05.194Z DEBUG 49597 --- [tba-waad-system-backend] [           main] org.hibernate.SQL                        : 
    insert 
    into
        role_permissions
        (role_id, permission_id) 
    values
        (?, ?)
Hibernate: 
    insert 
    into
        role_permissions
        (role_id, permission_id) 
    values
        (?, ?)
2025-11-18T19:40:05.195Z DEBUG 49597 --- [tba-waad-system-backend] [           main] org.hibernate.SQL                        : 
    insert 
    into
        role_permissions
        (role_id, permission_id) 
    values
        (?, ?)
Hibernate: 
    insert 
    into
        role_permissions
        (role_id, permission_id) 
    values
        (?, ?)
2025-11-18T19:40:05.195Z DEBUG 49597 --- [tba-waad-system-backend] [           main] org.hibernate.SQL                        : 
    insert 
    into
        role_permissions
        (role_id, permission_id) 
    values
        (?, ?)
Hibernate: 
    insert 
    into
        role_permissions
        (role_id, permission_id) 
    values
        (?, ?)
2025-11-18T19:40:05.196Z DEBUG 49597 --- [tba-waad-system-backend] [           main] org.hibernate.SQL                        : 
    insert 
    into
        role_permissions
        (role_id, permission_id) 
    values
        (?, ?)
Hibernate: 
    insert 
    into
        role_permissions
        (role_id, permission_id) 
    values
        (?, ?)
2025-11-18T19:40:05.196Z DEBUG 49597 --- [tba-waad-system-backend] [           main] org.hibernate.SQL                        : 
    insert 
    into
        role_permissions
        (role_id, permission_id) 
    values
        (?, ?)
Hibernate: 
    insert 
    into
        role_permissions
        (role_id, permission_id) 
    values
        (?, ?)
2025-11-18T19:40:05.207Z DEBUG 49597 --- [tba-waad-system-backend] [           main] org.hibernate.SQL                        : 
    insert 
    into
        roles
        (created_at, description, name, updated_at, id) 
    values
        (?, ?, ?, ?, default)
Hibernate: 
    insert 
    into
        roles
        (created_at, description, name, updated_at, id) 
    values
        (?, ?, ?, ?, default)
2025-11-18T19:40:05.209Z DEBUG 49597 --- [tba-waad-system-backend] [           main] org.hibernate.SQL                        : 
    insert 
    into
        role_permissions
        (role_id, permission_id) 
    values
        (?, ?)
Hibernate: 
    insert 
    into
        role_permissions
        (role_id, permission_id) 
    values
        (?, ?)
2025-11-18T19:40:05.215Z DEBUG 49597 --- [tba-waad-system-backend] [           main] org.hibernate.SQL                        : 
    insert 
    into
        role_permissions
        (role_id, permission_id) 
    values
        (?, ?)
Hibernate: 
    insert 
    into
        role_permissions
        (role_id, permission_id) 
    values
        (?, ?)
2025-11-18T19:40:05.221Z DEBUG 49597 --- [tba-waad-system-backend] [           main] org.hibernate.SQL                        : 
    insert 
    into
        role_permissions
        (role_id, permission_id) 
    values
        (?, ?)
Hibernate: 
    insert 
    into
        role_permissions
        (role_id, permission_id) 
    values
        (?, ?)
2025-11-18T19:40:05.221Z DEBUG 49597 --- [tba-waad-system-backend] [           main] org.hibernate.SQL                        : 
    insert 
    into
        role_permissions
        (role_id, permission_id) 
    values
        (?, ?)
Hibernate: 
    insert 
    into
        role_permissions
        (role_id, permission_id) 
    values
        (?, ?)
2025-11-18T19:40:05.222Z DEBUG 49597 --- [tba-waad-system-backend] [           main] org.hibernate.SQL                        : 
    insert 
    into
        role_permissions
        (role_id, permission_id) 
    values
        (?, ?)
Hibernate: 
    insert 
    into
        role_permissions
        (role_id, permission_id) 
    values
        (?, ?)
2025-11-18T19:40:05.222Z DEBUG 49597 --- [tba-waad-system-backend] [           main] org.hibernate.SQL                        : 
    insert 
    into
        role_permissions
        (role_id, permission_id) 
    values
        (?, ?)
Hibernate: 
    insert 
    into
        role_permissions
        (role_id, permission_id) 
    values
        (?, ?)
2025-11-18T19:40:05.228Z DEBUG 49597 --- [tba-waad-system-backend] [           main] org.hibernate.SQL                        : 
    insert 
    into
        role_permissions
        (role_id, permission_id) 
    values
        (?, ?)
Hibernate: 
    insert 
    into
        role_permissions
        (role_id, permission_id) 
    values
        (?, ?)
2025-11-18T19:40:05.230Z DEBUG 49597 --- [tba-waad-system-backend] [           main] org.hibernate.SQL                        : 
    insert 
    into
        role_permissions
        (role_id, permission_id) 
    values
        (?, ?)
Hibernate: 
    insert 
    into
        role_permissions
        (role_id, permission_id) 
    values
        (?, ?)
2025-11-18T19:40:05.230Z DEBUG 49597 --- [tba-waad-system-backend] [           main] org.hibernate.SQL                        : 
    insert 
    into
        role_permissions
        (role_id, permission_id) 
    values
        (?, ?)
Hibernate: 
    insert 
    into
        role_permissions
        (role_id, permission_id) 
    values
        (?, ?)
2025-11-18T19:40:05.231Z DEBUG 49597 --- [tba-waad-system-backend] [           main] org.hibernate.SQL                        : 
    insert 
    into
        role_permissions
        (role_id, permission_id) 
    values
        (?, ?)
Hibernate: 
    insert 
    into
        role_permissions
        (role_id, permission_id) 
    values
        (?, ?)
2025-11-18T19:40:05.231Z DEBUG 49597 --- [tba-waad-system-backend] [           main] org.hibernate.SQL                        : 
    insert 
    into
        role_permissions
        (role_id, permission_id) 
    values
        (?, ?)
Hibernate: 
    insert 
    into
        role_permissions
        (role_id, permission_id) 
    values
        (?, ?)
2025-11-18T19:40:05.535Z DEBUG 49597 --- [tba-waad-system-backend] [           main] org.hibernate.SQL                        : 
    insert 
    into
        users
        (active, created_at, email, full_name, password, phone, updated_at, username, id) 
    values
        (?, ?, ?, ?, ?, ?, ?, ?, default)
Hibernate: 
    insert 
    into
        users
        (active, created_at, email, full_name, password, phone, updated_at, username, id) 
    values
        (?, ?, ?, ?, ?, ?, ?, ?, default)
2025-11-18T19:40:05.537Z DEBUG 49597 --- [tba-waad-system-backend] [           main] org.hibernate.SQL                        : 
    insert 
    into
        user_roles
        (user_id, role_id) 
    values
        (?, ?)
Hibernate: 
    insert 
    into
        user_roles
        (user_id, role_id) 
    values
        (?, ?)
2025-11-18T19:40:05.538Z  INFO 49597 --- [tba-waad-system-backend] [           main] c.w.tba.common.config.DataInitializer    : Seed data initialized successfully: 23 permissions, 3 roles, 1 user
2025-11-18T19:40:08.873Z  WARN 49597 --- [tba-waad-system-backend] [           main] JpaBaseConfiguration$JpaWebConfiguration : spring.jpa.open-in-view is enabled by default. Therefore, database queries may be performed during view rendering. Explicitly configure spring.jpa.open-in-view to disable this warning
2025-11-18T19:40:11.455Z  INFO 49597 --- [tba-waad-system-backend] [           main] o.s.s.web.DefaultSecurityFilterChain     : Will secure any request with [org.springframework.security.web.session.DisableEncodeUrlFilter@709de434, org.springframework.security.web.context.request.async.WebAsyncManagerIntegrationFilter@551566a, org.springframework.security.web.context.SecurityContextHolderFilter@f67053, org.springframework.security.web.header.HeaderWriterFilter@46a6368f, org.springframework.web.filter.CorsFilter@3e3b5ff5, org.springframework.web.filter.CorsFilter@2078869b, org.springframework.security.web.authentication.logout.LogoutFilter@325e1229, com.waad.tba.security.JwtAuthenticationFilter@40941b54, org.springframework.security.web.savedrequest.RequestCacheAwareFilter@1884db6f, org.springframework.security.web.servletapi.SecurityContextHolderAwareRequestFilter@4da584e, org.springframework.security.web.authentication.AnonymousAuthenticationFilter@3fdb6ae4, org.springframework.security.web.session.SessionManagementFilter@4a9463b2, org.springframework.security.web.access.ExceptionTranslationFilter@4f2e6db7, org.springframework.security.web.access.intercept.AuthorizationFilter@6b13d558]
2025-11-18T19:40:14.290Z  WARN 49597 --- [tba-waad-system-backend] [           main] ConfigServletWebServerApplicationContext : Exception encountered during context initialization - cancelling refresh attempt: org.springframework.context.ApplicationContextException: Failed to start bean 'webServerStartStop'
2025-11-18T19:40:14.315Z  INFO 49597 --- [tba-waad-system-backend] [           main] j.LocalContainerEntityManagerFactoryBean : Closing JPA EntityManagerFactory for persistence unit 'default'
2025-11-18T19:40:14.324Z DEBUG 49597 --- [tba-waad-system-backend] [           main] org.hibernate.SQL                        : 
    drop table if exists claims cascade 
Hibernate: 
    drop table if exists claims cascade 
2025-11-18T19:40:14.333Z DEBUG 49597 --- [tba-waad-system-backend] [           main] org.hibernate.SQL                        : 
    drop table if exists employers cascade 
Hibernate: 
    drop table if exists employers cascade 
2025-11-18T19:40:14.337Z DEBUG 49597 --- [tba-waad-system-backend] [           main] org.hibernate.SQL                        : 
    drop table if exists insurance_companies cascade 
Hibernate: 
    drop table if exists insurance_companies cascade 
2025-11-18T19:40:14.341Z DEBUG 49597 --- [tba-waad-system-backend] [           main] org.hibernate.SQL                        : 
    drop table if exists members cascade 
Hibernate: 
    drop table if exists members cascade 
2025-11-18T19:40:14.344Z DEBUG 49597 --- [tba-waad-system-backend] [           main] org.hibernate.SQL                        : 
    drop table if exists password_reset_token cascade 
Hibernate: 
    drop table if exists password_reset_token cascade 
2025-11-18T19:40:14.347Z DEBUG 49597 --- [tba-waad-system-backend] [           main] org.hibernate.SQL                        : 
    drop table if exists permissions cascade 
Hibernate: 
    drop table if exists permissions cascade 
2025-11-18T19:40:14.353Z DEBUG 49597 --- [tba-waad-system-backend] [           main] org.hibernate.SQL                        : 
    drop table if exists reviewer_companies cascade 
Hibernate: 
    drop table if exists reviewer_companies cascade 
2025-11-18T19:40:14.355Z DEBUG 49597 --- [tba-waad-system-backend] [           main] org.hibernate.SQL                        : 
    drop table if exists role_permissions cascade 
Hibernate: 
    drop table if exists role_permissions cascade 
2025-11-18T19:40:14.364Z DEBUG 49597 --- [tba-waad-system-backend] [           main] org.hibernate.SQL                        : 
    drop table if exists roles cascade 
Hibernate: 
    drop table if exists roles cascade 
2025-11-18T19:40:14.365Z DEBUG 49597 --- [tba-waad-system-backend] [           main] org.hibernate.SQL                        : 
    drop table if exists user_roles cascade 
Hibernate: 
    drop table if exists user_roles cascade 
2025-11-18T19:40:14.372Z DEBUG 49597 --- [tba-waad-system-backend] [           main] org.hibernate.SQL                        : 
    drop table if exists users cascade 
Hibernate: 
    drop table if exists users cascade 
2025-11-18T19:40:14.376Z DEBUG 49597 --- [tba-waad-system-backend] [           main] org.hibernate.SQL                        : 
    drop table if exists visits cascade 
Hibernate: 
    drop table if exists visits cascade 
2025-11-18T19:40:14.385Z  INFO 49597 --- [tba-waad-system-backend] [           main] com.zaxxer.hikari.HikariDataSource       : HikariPool-1 - Shutdown initiated...
2025-11-18T19:40:14.396Z  INFO 49597 --- [tba-waad-system-backend] [           main] com.zaxxer.hikari.HikariDataSource       : HikariPool-1 - Shutdown completed.
2025-11-18T19:40:14.519Z  INFO 49597 --- [tba-waad-system-backend] [           main] .s.b.a.l.ConditionEvaluationReportLogger : 

Error starting ApplicationContext. To display the condition evaluation report re-run your application with 'debug' enabled.
2025-11-18T19:40:14.680Z ERROR 49597 --- [tba-waad-system-backend] [           main] o.s.b.d.LoggingFailureAnalysisReporter   : 

***************************
APPLICATION FAILED TO START
***************************

Description:

Web server failed to start. Port 9090 was already in use.

Action:

Identify and stop the process that's listening on port 9090 or configure this application to listen on another port.

